{"/home/tsensei/Code Practise/git-repo-separate/notes-frontend/src/App.js": {"path":"/home/tsensei/Code Practise/git-repo-separate/notes-frontend/src/App.js","statementMap":{"0":{"start":{"line":11,"column":12},"end":{"line":137,"column":1}},"1":{"start":{"line":12,"column":28},"end":{"line":12,"column":40}},"2":{"start":{"line":13,"column":32},"end":{"line":13,"column":47}},"3":{"start":{"line":14,"column":42},"end":{"line":14,"column":56}},"4":{"start":{"line":15,"column":22},"end":{"line":15,"column":30}},"5":{"start":{"line":17,"column":34},"end":{"line":17,"column":50}},"6":{"start":{"line":18,"column":34},"end":{"line":18,"column":54}},"7":{"start":{"line":20,"column":26},"end":{"line":20,"column":40}},"8":{"start":{"line":22,"column":2},"end":{"line":26,"column":9}},"9":{"start":{"line":23,"column":4},"end":{"line":25,"column":7}},"10":{"start":{"line":24,"column":6},"end":{"line":24,"column":29}},"11":{"start":{"line":28,"column":2},"end":{"line":35,"column":9}},"12":{"start":{"line":29,"column":27},"end":{"line":29,"column":75}},"13":{"start":{"line":30,"column":4},"end":{"line":34,"column":5}},"14":{"start":{"line":31,"column":19},"end":{"line":31,"column":45}},"15":{"start":{"line":32,"column":6},"end":{"line":32,"column":20}},"16":{"start":{"line":33,"column":6},"end":{"line":33,"column":39}},"17":{"start":{"line":37,"column":29},"end":{"line":54,"column":3}},"18":{"start":{"line":38,"column":17},"end":{"line":38,"column":47}},"19":{"start":{"line":38,"column":35},"end":{"line":38,"column":46}},"20":{"start":{"line":39,"column":24},"end":{"line":39,"column":63}},"21":{"start":{"line":41,"column":4},"end":{"line":53,"column":9}},"22":{"start":{"line":44,"column":8},"end":{"line":44,"column":78}},"23":{"start":{"line":44,"column":38},"end":{"line":44,"column":74}},"24":{"start":{"line":47,"column":8},"end":{"line":49,"column":10}},"25":{"start":{"line":50,"column":8},"end":{"line":52,"column":17}},"26":{"start":{"line":51,"column":10},"end":{"line":51,"column":32}},"27":{"start":{"line":56,"column":18},"end":{"line":61,"column":3}},"28":{"start":{"line":57,"column":4},"end":{"line":57,"column":43}},"29":{"start":{"line":58,"column":4},"end":{"line":60,"column":7}},"30":{"start":{"line":59,"column":6},"end":{"line":59,"column":43}},"31":{"start":{"line":63,"column":22},"end":{"line":63,"column":78}},"32":{"start":{"line":63,"column":63},"end":{"line":63,"column":77}},"33":{"start":{"line":65,"column":22},"end":{"line":85,"column":3}},"34":{"start":{"line":66,"column":4},"end":{"line":66,"column":27}},"35":{"start":{"line":67,"column":4},"end":{"line":84,"column":5}},"36":{"start":{"line":68,"column":19},"end":{"line":71,"column":8}},"37":{"start":{"line":73,"column":6},"end":{"line":73,"column":39}},"38":{"start":{"line":74,"column":6},"end":{"line":74,"column":77}},"39":{"start":{"line":76,"column":6},"end":{"line":76,"column":20}},"40":{"start":{"line":77,"column":6},"end":{"line":77,"column":22}},"41":{"start":{"line":78,"column":6},"end":{"line":78,"column":22}},"42":{"start":{"line":80,"column":6},"end":{"line":80,"column":43}},"43":{"start":{"line":81,"column":6},"end":{"line":83,"column":15}},"44":{"start":{"line":82,"column":8},"end":{"line":82,"column":30}},"45":{"start":{"line":87,"column":20},"end":{"line":97,"column":3}},"46":{"start":{"line":88,"column":4},"end":{"line":96,"column":16}},"47":{"start":{"line":92,"column":46},"end":{"line":92,"column":71}},"48":{"start":{"line":93,"column":46},"end":{"line":93,"column":71}},"49":{"start":{"line":99,"column":19},"end":{"line":103,"column":3}},"50":{"start":{"line":100,"column":4},"end":{"line":102,"column":16}},"51":{"start":{"line":105,"column":2},"end":{"line":136,"column":4}},"52":{"start":{"line":120,"column":31},"end":{"line":120,"column":51}},"53":{"start":{"line":126,"column":10},"end":{"line":130,"column":12}},"54":{"start":{"line":129,"column":36},"end":{"line":129,"column":63}}},"fnMap":{"0":{"name":"(anonymous_0)","decl":{"start":{"line":11,"column":12},"end":{"line":11,"column":13}},"loc":{"start":{"line":11,"column":18},"end":{"line":137,"column":1}},"line":11},"1":{"name":"(anonymous_1)","decl":{"start":{"line":22,"column":12},"end":{"line":22,"column":13}},"loc":{"start":{"line":22,"column":18},"end":{"line":26,"column":3}},"line":22},"2":{"name":"(anonymous_2)","decl":{"start":{"line":23,"column":30},"end":{"line":23,"column":31}},"loc":{"start":{"line":23,"column":48},"end":{"line":25,"column":5}},"line":23},"3":{"name":"(anonymous_3)","decl":{"start":{"line":28,"column":12},"end":{"line":28,"column":13}},"loc":{"start":{"line":28,"column":18},"end":{"line":35,"column":3}},"line":28},"4":{"name":"(anonymous_4)","decl":{"start":{"line":37,"column":29},"end":{"line":37,"column":30}},"loc":{"start":{"line":37,"column":37},"end":{"line":54,"column":3}},"line":37},"5":{"name":"(anonymous_5)","decl":{"start":{"line":38,"column":28},"end":{"line":38,"column":29}},"loc":{"start":{"line":38,"column":35},"end":{"line":38,"column":46}},"line":38},"6":{"name":"(anonymous_6)","decl":{"start":{"line":43,"column":12},"end":{"line":43,"column":13}},"loc":{"start":{"line":43,"column":30},"end":{"line":45,"column":7}},"line":43},"7":{"name":"(anonymous_7)","decl":{"start":{"line":44,"column":27},"end":{"line":44,"column":28}},"loc":{"start":{"line":44,"column":38},"end":{"line":44,"column":74}},"line":44},"8":{"name":"(anonymous_8)","decl":{"start":{"line":46,"column":13},"end":{"line":46,"column":14}},"loc":{"start":{"line":46,"column":19},"end":{"line":53,"column":7}},"line":46},"9":{"name":"(anonymous_9)","decl":{"start":{"line":50,"column":19},"end":{"line":50,"column":20}},"loc":{"start":{"line":50,"column":25},"end":{"line":52,"column":9}},"line":50},"10":{"name":"(anonymous_10)","decl":{"start":{"line":56,"column":18},"end":{"line":56,"column":19}},"loc":{"start":{"line":56,"column":34},"end":{"line":61,"column":3}},"line":56},"11":{"name":"(anonymous_11)","decl":{"start":{"line":58,"column":40},"end":{"line":58,"column":41}},"loc":{"start":{"line":58,"column":58},"end":{"line":60,"column":5}},"line":58},"12":{"name":"(anonymous_12)","decl":{"start":{"line":63,"column":53},"end":{"line":63,"column":54}},"loc":{"start":{"line":63,"column":63},"end":{"line":63,"column":77}},"line":63},"13":{"name":"(anonymous_13)","decl":{"start":{"line":65,"column":22},"end":{"line":65,"column":23}},"loc":{"start":{"line":65,"column":39},"end":{"line":85,"column":3}},"line":65},"14":{"name":"(anonymous_14)","decl":{"start":{"line":81,"column":17},"end":{"line":81,"column":18}},"loc":{"start":{"line":81,"column":23},"end":{"line":83,"column":7}},"line":81},"15":{"name":"(anonymous_15)","decl":{"start":{"line":87,"column":20},"end":{"line":87,"column":21}},"loc":{"start":{"line":88,"column":4},"end":{"line":96,"column":16}},"line":88},"16":{"name":"(anonymous_16)","decl":{"start":{"line":92,"column":30},"end":{"line":92,"column":31}},"loc":{"start":{"line":92,"column":46},"end":{"line":92,"column":71}},"line":92},"17":{"name":"(anonymous_17)","decl":{"start":{"line":93,"column":30},"end":{"line":93,"column":31}},"loc":{"start":{"line":93,"column":46},"end":{"line":93,"column":71}},"line":93},"18":{"name":"(anonymous_18)","decl":{"start":{"line":99,"column":19},"end":{"line":99,"column":20}},"loc":{"start":{"line":100,"column":4},"end":{"line":102,"column":16}},"line":100},"19":{"name":"(anonymous_19)","decl":{"start":{"line":120,"column":25},"end":{"line":120,"column":26}},"loc":{"start":{"line":120,"column":31},"end":{"line":120,"column":51}},"line":120},"20":{"name":"(anonymous_20)","decl":{"start":{"line":125,"column":25},"end":{"line":125,"column":26}},"loc":{"start":{"line":126,"column":10},"end":{"line":130,"column":12}},"line":126},"21":{"name":"(anonymous_21)","decl":{"start":{"line":129,"column":30},"end":{"line":129,"column":31}},"loc":{"start":{"line":129,"column":36},"end":{"line":129,"column":63}},"line":129}},"branchMap":{"0":{"loc":{"start":{"line":30,"column":4},"end":{"line":34,"column":5}},"type":"if","locations":[{"start":{"line":30,"column":4},"end":{"line":34,"column":5}},{"start":{"line":30,"column":4},"end":{"line":34,"column":5}}],"line":30},"1":{"loc":{"start":{"line":44,"column":38},"end":{"line":44,"column":74}},"type":"cond-expr","locations":[{"start":{"line":44,"column":55},"end":{"line":44,"column":59}},{"start":{"line":44,"column":62},"end":{"line":44,"column":74}}],"line":44},"2":{"loc":{"start":{"line":63,"column":22},"end":{"line":63,"column":78}},"type":"cond-expr","locations":[{"start":{"line":63,"column":32},"end":{"line":63,"column":37}},{"start":{"line":63,"column":40},"end":{"line":63,"column":78}}],"line":63},"3":{"loc":{"start":{"line":110,"column":7},"end":{"line":117,"column":7}},"type":"cond-expr","locations":[{"start":{"line":111,"column":8},"end":{"line":111,"column":19}},{"start":{"line":113,"column":8},"end":{"line":116,"column":14}}],"line":110},"4":{"loc":{"start":{"line":121,"column":16},"end":{"line":121,"column":45}},"type":"cond-expr","locations":[{"start":{"line":121,"column":26},"end":{"line":121,"column":37}},{"start":{"line":121,"column":40},"end":{"line":121,"column":45}}],"line":121}},"s":{"0":0,"1":0,"2":0,"3":0,"4":0,"5":0,"6":0,"7":0,"8":0,"9":0,"10":0,"11":0,"12":0,"13":0,"14":0,"15":0,"16":0,"17":0,"18":0,"19":0,"20":0,"21":0,"22":0,"23":0,"24":0,"25":0,"26":0,"27":0,"28":0,"29":0,"30":0,"31":0,"32":0,"33":0,"34":0,"35":0,"36":0,"37":0,"38":0,"39":0,"40":0,"41":0,"42":0,"43":0,"44":0,"45":0,"46":0,"47":0,"48":0,"49":0,"50":0,"51":0,"52":0,"53":0,"54":0},"f":{"0":0,"1":0,"2":0,"3":0,"4":0,"5":0,"6":0,"7":0,"8":0,"9":0,"10":0,"11":0,"12":0,"13":0,"14":0,"15":0,"16":0,"17":0,"18":0,"19":0,"20":0,"21":0},"b":{"0":[0,0],"1":[0,0],"2":[0,0],"3":[0,0],"4":[0,0]}}
,"/home/tsensei/Code Practise/git-repo-separate/notes-frontend/src/index.js": {"path":"/home/tsensei/Code Practise/git-repo-separate/notes-frontend/src/index.js","statementMap":{"0":{"start":{"line":6,"column":0},"end":{"line":6,"column":58}}},"fnMap":{},"branchMap":{},"s":{"0":0},"f":{},"b":{}}
,"/home/tsensei/Code Practise/git-repo-separate/notes-frontend/src/components/Footer.js": {"path":"/home/tsensei/Code Practise/git-repo-separate/notes-frontend/src/components/Footer.js","statementMap":{"0":{"start":{"line":3,"column":15},"end":{"line":18,"column":1}},"1":{"start":{"line":4,"column":22},"end":{"line":8,"column":3}},"2":{"start":{"line":10,"column":2},"end":{"line":17,"column":4}}},"fnMap":{"0":{"name":"(anonymous_0)","decl":{"start":{"line":3,"column":15},"end":{"line":3,"column":16}},"loc":{"start":{"line":3,"column":21},"end":{"line":18,"column":1}},"line":3}},"branchMap":{},"s":{"0":0,"1":0,"2":0},"f":{"0":0},"b":{}}
,"/home/tsensei/Code Practise/git-repo-separate/notes-frontend/src/components/LoginForm.js": {"path":"/home/tsensei/Code Practise/git-repo-separate/notes-frontend/src/components/LoginForm.js","statementMap":{"0":{"start":{"line":4,"column":18},"end":{"line":32,"column":1}},"1":{"start":{"line":11,"column":2},"end":{"line":31,"column":4}},"2":{"start":{"line":34,"column":0},"end":{"line":40,"column":2}}},"fnMap":{"0":{"name":"(anonymous_0)","decl":{"start":{"line":4,"column":18},"end":{"line":4,"column":19}},"loc":{"start":{"line":10,"column":6},"end":{"line":32,"column":1}},"line":10}},"branchMap":{},"s":{"0":0,"1":0,"2":0},"f":{"0":0},"b":{}}
,"/home/tsensei/Code Practise/git-repo-separate/notes-frontend/src/components/Note.js": {"path":"/home/tsensei/Code Practise/git-repo-separate/notes-frontend/src/components/Note.js","statementMap":{"0":{"start":{"line":3,"column":13},"end":{"line":12,"column":1}},"1":{"start":{"line":4,"column":16},"end":{"line":4,"column":72}},"2":{"start":{"line":6,"column":2},"end":{"line":11,"column":4}}},"fnMap":{"0":{"name":"(anonymous_0)","decl":{"start":{"line":3,"column":13},"end":{"line":3,"column":14}},"loc":{"start":{"line":3,"column":45},"end":{"line":12,"column":1}},"line":3}},"branchMap":{"0":{"loc":{"start":{"line":4,"column":16},"end":{"line":4,"column":72}},"type":"cond-expr","locations":[{"start":{"line":4,"column":33},"end":{"line":4,"column":53}},{"start":{"line":4,"column":56},"end":{"line":4,"column":72}}],"line":4}},"s":{"0":1,"1":2,"2":2},"f":{"0":2},"b":{"0":[2,0]},"_coverageSchema":"1a1c01bbd47fc00a2c39e90264f33305004495a9","hash":"ea021f261fa5f480538b5c692af082aa4cd5b2cc"}
,"/home/tsensei/Code Practise/git-repo-separate/notes-frontend/src/components/NoteForm.js": {"path":"/home/tsensei/Code Practise/git-repo-separate/notes-frontend/src/components/NoteForm.js","statementMap":{"0":{"start":{"line":3,"column":17},"end":{"line":30,"column":1}},"1":{"start":{"line":4,"column":32},"end":{"line":4,"column":44}},"2":{"start":{"line":6,"column":23},"end":{"line":8,"column":3}},"3":{"start":{"line":7,"column":4},"end":{"line":7,"column":35}},"4":{"start":{"line":10,"column":18},"end":{"line":18,"column":3}},"5":{"start":{"line":11,"column":4},"end":{"line":11,"column":27}},"6":{"start":{"line":12,"column":4},"end":{"line":15,"column":7}},"7":{"start":{"line":17,"column":4},"end":{"line":17,"column":19}},"8":{"start":{"line":20,"column":2},"end":{"line":29,"column":4}}},"fnMap":{"0":{"name":"(anonymous_0)","decl":{"start":{"line":3,"column":17},"end":{"line":3,"column":18}},"loc":{"start":{"line":3,"column":37},"end":{"line":30,"column":1}},"line":3},"1":{"name":"(anonymous_1)","decl":{"start":{"line":6,"column":23},"end":{"line":6,"column":24}},"loc":{"start":{"line":6,"column":34},"end":{"line":8,"column":3}},"line":6},"2":{"name":"(anonymous_2)","decl":{"start":{"line":10,"column":18},"end":{"line":10,"column":19}},"loc":{"start":{"line":10,"column":29},"end":{"line":18,"column":3}},"line":10}},"branchMap":{},"s":{"0":1,"1":3,"2":3,"3":1,"4":3,"5":1,"6":1,"7":1,"8":3},"f":{"0":3,"1":1,"2":1},"b":{},"_coverageSchema":"1a1c01bbd47fc00a2c39e90264f33305004495a9","hash":"1493b55e2cfa227d9dbe627984a60c2950e63e50"}
,"/home/tsensei/Code Practise/git-repo-separate/notes-frontend/src/components/Notification.js": {"path":"/home/tsensei/Code Practise/git-repo-separate/notes-frontend/src/components/Notification.js","statementMap":{"0":{"start":{"line":3,"column":21},"end":{"line":9,"column":1}},"1":{"start":{"line":4,"column":2},"end":{"line":6,"column":3}},"2":{"start":{"line":5,"column":4},"end":{"line":5,"column":16}},"3":{"start":{"line":8,"column":2},"end":{"line":8,"column":48}}},"fnMap":{"0":{"name":"(anonymous_0)","decl":{"start":{"line":3,"column":21},"end":{"line":3,"column":22}},"loc":{"start":{"line":3,"column":38},"end":{"line":9,"column":1}},"line":3}},"branchMap":{"0":{"loc":{"start":{"line":4,"column":2},"end":{"line":6,"column":3}},"type":"if","locations":[{"start":{"line":4,"column":2},"end":{"line":6,"column":3}},{"start":{"line":4,"column":2},"end":{"line":6,"column":3}}],"line":4}},"s":{"0":0,"1":0,"2":0,"3":0},"f":{"0":0},"b":{"0":[0,0]}}
,"/home/tsensei/Code Practise/git-repo-separate/notes-frontend/src/components/Togglable.js": {"path":"/home/tsensei/Code Practise/git-repo-separate/notes-frontend/src/components/Togglable.js","statementMap":{"0":{"start":{"line":4,"column":18},"end":{"line":31,"column":2}},"1":{"start":{"line":5,"column":32},"end":{"line":5,"column":47}},"2":{"start":{"line":7,"column":26},"end":{"line":7,"column":60}},"3":{"start":{"line":8,"column":26},"end":{"line":8,"column":60}},"4":{"start":{"line":10,"column":27},"end":{"line":12,"column":3}},"5":{"start":{"line":11,"column":4},"end":{"line":11,"column":25}},"6":{"start":{"line":14,"column":2},"end":{"line":18,"column":5}},"7":{"start":{"line":15,"column":4},"end":{"line":17,"column":6}},"8":{"start":{"line":20,"column":2},"end":{"line":30,"column":4}},"9":{"start":{"line":33,"column":0},"end":{"line":35,"column":2}},"10":{"start":{"line":37,"column":0},"end":{"line":37,"column":36}}},"fnMap":{"0":{"name":"(anonymous_0)","decl":{"start":{"line":4,"column":35},"end":{"line":4,"column":36}},"loc":{"start":{"line":4,"column":51},"end":{"line":31,"column":1}},"line":4},"1":{"name":"(anonymous_1)","decl":{"start":{"line":10,"column":27},"end":{"line":10,"column":28}},"loc":{"start":{"line":10,"column":33},"end":{"line":12,"column":3}},"line":10},"2":{"name":"(anonymous_2)","decl":{"start":{"line":14,"column":27},"end":{"line":14,"column":28}},"loc":{"start":{"line":14,"column":33},"end":{"line":18,"column":3}},"line":14}},"branchMap":{"0":{"loc":{"start":{"line":7,"column":37},"end":{"line":7,"column":58}},"type":"cond-expr","locations":[{"start":{"line":7,"column":47},"end":{"line":7,"column":53}},{"start":{"line":7,"column":56},"end":{"line":7,"column":58}}],"line":7},"1":{"loc":{"start":{"line":8,"column":37},"end":{"line":8,"column":58}},"type":"cond-expr","locations":[{"start":{"line":8,"column":47},"end":{"line":8,"column":49}},{"start":{"line":8,"column":52},"end":{"line":8,"column":58}}],"line":8}},"s":{"0":1,"1":7,"2":7,"3":7,"4":7,"5":3,"6":7,"7":0,"8":7,"9":1,"10":1},"f":{"0":7,"1":3,"2":0},"b":{"0":[2,5],"1":[2,5]},"_coverageSchema":"1a1c01bbd47fc00a2c39e90264f33305004495a9","hash":"2dc4f8b68c7c5b22ca0b58362cb2bf65a684a7f7"}
,"/home/tsensei/Code Practise/git-repo-separate/notes-frontend/src/services/login.js": {"path":"/home/tsensei/Code Practise/git-repo-separate/notes-frontend/src/services/login.js","statementMap":{"0":{"start":{"line":2,"column":16},"end":{"line":2,"column":28}},"1":{"start":{"line":4,"column":14},"end":{"line":7,"column":1}},"2":{"start":{"line":5,"column":19},"end":{"line":5,"column":57}},"3":{"start":{"line":6,"column":2},"end":{"line":6,"column":23}}},"fnMap":{"0":{"name":"(anonymous_0)","decl":{"start":{"line":4,"column":14},"end":{"line":4,"column":15}},"loc":{"start":{"line":4,"column":37},"end":{"line":7,"column":1}},"line":4}},"branchMap":{},"s":{"0":0,"1":0,"2":0,"3":0},"f":{"0":0},"b":{}}
,"/home/tsensei/Code Practise/git-repo-separate/notes-frontend/src/services/notes.js": {"path":"/home/tsensei/Code Practise/git-repo-separate/notes-frontend/src/services/notes.js","statementMap":{"0":{"start":{"line":2,"column":16},"end":{"line":2,"column":28}},"1":{"start":{"line":3,"column":12},"end":{"line":3,"column":16}},"2":{"start":{"line":5,"column":17},"end":{"line":8,"column":1}},"3":{"start":{"line":6,"column":2},"end":{"line":6,"column":31}},"4":{"start":{"line":7,"column":2},"end":{"line":7,"column":21}},"5":{"start":{"line":10,"column":15},"end":{"line":13,"column":1}},"6":{"start":{"line":11,"column":18},"end":{"line":11,"column":36}},"7":{"start":{"line":12,"column":2},"end":{"line":12,"column":51}},"8":{"start":{"line":12,"column":36},"end":{"line":12,"column":49}},"9":{"start":{"line":15,"column":15},"end":{"line":22,"column":1}},"10":{"start":{"line":16,"column":17},"end":{"line":18,"column":3}},"11":{"start":{"line":20,"column":19},"end":{"line":20,"column":63}},"12":{"start":{"line":21,"column":2},"end":{"line":21,"column":23}},"13":{"start":{"line":24,"column":15},"end":{"line":27,"column":1}},"14":{"start":{"line":25,"column":18},"end":{"line":25,"column":58}},"15":{"start":{"line":26,"column":2},"end":{"line":26,"column":51}},"16":{"start":{"line":26,"column":36},"end":{"line":26,"column":49}}},"fnMap":{"0":{"name":"(anonymous_0)","decl":{"start":{"line":5,"column":17},"end":{"line":5,"column":18}},"loc":{"start":{"line":5,"column":31},"end":{"line":8,"column":1}},"line":5},"1":{"name":"(anonymous_1)","decl":{"start":{"line":10,"column":15},"end":{"line":10,"column":16}},"loc":{"start":{"line":10,"column":21},"end":{"line":13,"column":1}},"line":10},"2":{"name":"(anonymous_2)","decl":{"start":{"line":12,"column":22},"end":{"line":12,"column":23}},"loc":{"start":{"line":12,"column":36},"end":{"line":12,"column":49}},"line":12},"3":{"name":"(anonymous_3)","decl":{"start":{"line":15,"column":15},"end":{"line":15,"column":16}},"loc":{"start":{"line":15,"column":36},"end":{"line":22,"column":1}},"line":15},"4":{"name":"(anonymous_4)","decl":{"start":{"line":24,"column":15},"end":{"line":24,"column":16}},"loc":{"start":{"line":24,"column":34},"end":{"line":27,"column":1}},"line":24},"5":{"name":"(anonymous_5)","decl":{"start":{"line":26,"column":22},"end":{"line":26,"column":23}},"loc":{"start":{"line":26,"column":36},"end":{"line":26,"column":49}},"line":26}},"branchMap":{},"s":{"0":0,"1":0,"2":0,"3":0,"4":0,"5":0,"6":0,"7":0,"8":0,"9":0,"10":0,"11":0,"12":0,"13":0,"14":0,"15":0,"16":0},"f":{"0":0,"1":0,"2":0,"3":0,"4":0,"5":0},"b":{}}
}
